<?xml version="1.0" encoding="UTF-8"?>
<testsuite xmlns:xsi="http://www.w3.org/2001/XMLSchema-instance" xsi:noNamespaceSchemaLocation="https://maven.apache.org/surefire/maven-surefire-plugin/xsd/surefire-test-report-3.0.xsd" version="3.0" name="com.example.demo.DemoApplication_UnitTests" time="0.08" tests="2" errors="0" skipped="0" failures="0">
  <properties>
    <property name="java.specification.version" value="17"/>
    <property name="sun.jnu.encoding" value="UTF-8"/>
    <property name="java.class.path" value="/Users/eyalzoref/code/github/design-first-springboot-microservices/target/test-classes:/Users/eyalzoref/code/github/design-first-springboot-microservices/target/classes:/Users/eyalzoref/.m2/repository/org/springframework/boot/spring-boot-starter-web/3.0.5/spring-boot-starter-web-3.0.5.jar:/Users/eyalzoref/.m2/repository/org/springframework/boot/spring-boot-starter/3.0.5/spring-boot-starter-3.0.5.jar:/Users/eyalzoref/.m2/repository/org/springframework/boot/spring-boot/3.0.5/spring-boot-3.0.5.jar:/Users/eyalzoref/.m2/repository/org/springframework/boot/spring-boot-starter-logging/3.0.5/spring-boot-starter-logging-3.0.5.jar:/Users/eyalzoref/.m2/repository/ch/qos/logback/logback-classic/1.4.6/logback-classic-1.4.6.jar:/Users/eyalzoref/.m2/repository/ch/qos/logback/logback-core/1.4.6/logback-core-1.4.6.jar:/Users/eyalzoref/.m2/repository/org/apache/logging/log4j/log4j-to-slf4j/2.19.0/log4j-to-slf4j-2.19.0.jar:/Users/eyalzoref/.m2/repository/org/apache/logging/log4j/log4j-api/2.19.0/log4j-api-2.19.0.jar:/Users/eyalzoref/.m2/repository/org/slf4j/jul-to-slf4j/2.0.7/jul-to-slf4j-2.0.7.jar:/Users/eyalzoref/.m2/repository/jakarta/annotation/jakarta.annotation-api/2.1.1/jakarta.annotation-api-2.1.1.jar:/Users/eyalzoref/.m2/repository/org/yaml/snakeyaml/1.33/snakeyaml-1.33.jar:/Users/eyalzoref/.m2/repository/org/springframework/boot/spring-boot-starter-json/3.0.5/spring-boot-starter-json-3.0.5.jar:/Users/eyalzoref/.m2/repository/com/fasterxml/jackson/datatype/jackson-datatype-jdk8/2.14.2/jackson-datatype-jdk8-2.14.2.jar:/Users/eyalzoref/.m2/repository/com/fasterxml/jackson/datatype/jackson-datatype-jsr310/2.14.2/jackson-datatype-jsr310-2.14.2.jar:/Users/eyalzoref/.m2/repository/com/fasterxml/jackson/module/jackson-module-parameter-names/2.14.2/jackson-module-parameter-names-2.14.2.jar:/Users/eyalzoref/.m2/repository/org/springframework/boot/spring-boot-starter-tomcat/3.0.5/spring-boot-starter-tomcat-3.0.5.jar:/Users/eyalzoref/.m2/repository/org/apache/tomcat/embed/tomcat-embed-core/10.1.7/tomcat-embed-core-10.1.7.jar:/Users/eyalzoref/.m2/repository/org/apache/tomcat/embed/tomcat-embed-el/10.1.7/tomcat-embed-el-10.1.7.jar:/Users/eyalzoref/.m2/repository/org/apache/tomcat/embed/tomcat-embed-websocket/10.1.7/tomcat-embed-websocket-10.1.7.jar:/Users/eyalzoref/.m2/repository/org/springframework/spring-web/6.0.7/spring-web-6.0.7.jar:/Users/eyalzoref/.m2/repository/org/springframework/spring-beans/6.0.7/spring-beans-6.0.7.jar:/Users/eyalzoref/.m2/repository/io/micrometer/micrometer-observation/1.10.5/micrometer-observation-1.10.5.jar:/Users/eyalzoref/.m2/repository/io/micrometer/micrometer-commons/1.10.5/micrometer-commons-1.10.5.jar:/Users/eyalzoref/.m2/repository/org/springframework/spring-webmvc/6.0.7/spring-webmvc-6.0.7.jar:/Users/eyalzoref/.m2/repository/org/springframework/spring-aop/6.0.7/spring-aop-6.0.7.jar:/Users/eyalzoref/.m2/repository/org/springframework/spring-context/6.0.7/spring-context-6.0.7.jar:/Users/eyalzoref/.m2/repository/org/springframework/spring-expression/6.0.7/spring-expression-6.0.7.jar:/Users/eyalzoref/.m2/repository/org/springframework/boot/spring-boot-starter-test/3.0.5/spring-boot-starter-test-3.0.5.jar:/Users/eyalzoref/.m2/repository/org/springframework/boot/spring-boot-test/3.0.5/spring-boot-test-3.0.5.jar:/Users/eyalzoref/.m2/repository/org/springframework/boot/spring-boot-test-autoconfigure/3.0.5/spring-boot-test-autoconfigure-3.0.5.jar:/Users/eyalzoref/.m2/repository/com/jayway/jsonpath/json-path/2.7.0/json-path-2.7.0.jar:/Users/eyalzoref/.m2/repository/net/minidev/json-smart/2.4.10/json-smart-2.4.10.jar:/Users/eyalzoref/.m2/repository/net/minidev/accessors-smart/2.4.9/accessors-smart-2.4.9.jar:/Users/eyalzoref/.m2/repository/org/ow2/asm/asm/9.3/asm-9.3.jar:/Users/eyalzoref/.m2/repository/org/slf4j/slf4j-api/2.0.7/slf4j-api-2.0.7.jar:/Users/eyalzoref/.m2/repository/jakarta/xml/bind/jakarta.xml.bind-api/4.0.0/jakarta.xml.bind-api-4.0.0.jar:/Users/eyalzoref/.m2/repository/jakarta/activation/jakarta.activation-api/2.1.1/jakarta.activation-api-2.1.1.jar:/Users/eyalzoref/.m2/repository/org/assertj/assertj-core/3.23.1/assertj-core-3.23.1.jar:/Users/eyalzoref/.m2/repository/net/bytebuddy/byte-buddy/1.12.23/byte-buddy-1.12.23.jar:/Users/eyalzoref/.m2/repository/org/hamcrest/hamcrest/2.2/hamcrest-2.2.jar:/Users/eyalzoref/.m2/repository/org/junit/jupiter/junit-jupiter/5.9.2/junit-jupiter-5.9.2.jar:/Users/eyalzoref/.m2/repository/org/junit/jupiter/junit-jupiter-params/5.9.2/junit-jupiter-params-5.9.2.jar:/Users/eyalzoref/.m2/repository/org/mockito/mockito-core/4.8.1/mockito-core-4.8.1.jar:/Users/eyalzoref/.m2/repository/net/bytebuddy/byte-buddy-agent/1.12.23/byte-buddy-agent-1.12.23.jar:/Users/eyalzoref/.m2/repository/org/objenesis/objenesis/3.2/objenesis-3.2.jar:/Users/eyalzoref/.m2/repository/org/mockito/mockito-junit-jupiter/4.8.1/mockito-junit-jupiter-4.8.1.jar:/Users/eyalzoref/.m2/repository/org/skyscreamer/jsonassert/1.5.1/jsonassert-1.5.1.jar:/Users/eyalzoref/.m2/repository/com/vaadin/external/google/android-json/0.0.20131108.vaadin1/android-json-0.0.20131108.vaadin1.jar:/Users/eyalzoref/.m2/repository/org/springframework/spring-core/6.0.7/spring-core-6.0.7.jar:/Users/eyalzoref/.m2/repository/org/springframework/spring-jcl/6.0.7/spring-jcl-6.0.7.jar:/Users/eyalzoref/.m2/repository/org/springframework/spring-test/6.0.7/spring-test-6.0.7.jar:/Users/eyalzoref/.m2/repository/org/xmlunit/xmlunit-core/2.9.1/xmlunit-core-2.9.1.jar:/Users/eyalzoref/.m2/repository/org/springframework/cloud/spring-cloud-openfeign-core/4.0.1/spring-cloud-openfeign-core-4.0.1.jar:/Users/eyalzoref/.m2/repository/org/springframework/boot/spring-boot-autoconfigure/3.0.5/spring-boot-autoconfigure-3.0.5.jar:/Users/eyalzoref/.m2/repository/org/springframework/boot/spring-boot-starter-aop/3.0.5/spring-boot-starter-aop-3.0.5.jar:/Users/eyalzoref/.m2/repository/org/aspectj/aspectjweaver/1.9.19/aspectjweaver-1.9.19.jar:/Users/eyalzoref/.m2/repository/io/github/openfeign/form/feign-form-spring/3.8.0/feign-form-spring-3.8.0.jar:/Users/eyalzoref/.m2/repository/io/github/openfeign/form/feign-form/3.8.0/feign-form-3.8.0.jar:/Users/eyalzoref/.m2/repository/commons-fileupload/commons-fileupload/1.4/commons-fileupload-1.4.jar:/Users/eyalzoref/.m2/repository/org/springframework/cloud/spring-cloud-starter-feign/1.4.7.RELEASE/spring-cloud-starter-feign-1.4.7.RELEASE.jar:/Users/eyalzoref/.m2/repository/org/springframework/cloud/spring-cloud-starter-openfeign/4.0.1/spring-cloud-starter-openfeign-4.0.1.jar:/Users/eyalzoref/.m2/repository/org/springframework/cloud/spring-cloud-starter/4.0.1/spring-cloud-starter-4.0.1.jar:/Users/eyalzoref/.m2/repository/org/springframework/cloud/spring-cloud-context/4.0.1/spring-cloud-context-4.0.1.jar:/Users/eyalzoref/.m2/repository/org/springframework/security/spring-security-rsa/1.0.11.RELEASE/spring-security-rsa-1.0.11.RELEASE.jar:/Users/eyalzoref/.m2/repository/org/bouncycastle/bcpkix-jdk15on/1.69/bcpkix-jdk15on-1.69.jar:/Users/eyalzoref/.m2/repository/org/bouncycastle/bcprov-jdk15on/1.69/bcprov-jdk15on-1.69.jar:/Users/eyalzoref/.m2/repository/org/bouncycastle/bcutil-jdk15on/1.69/bcutil-jdk15on-1.69.jar:/Users/eyalzoref/.m2/repository/org/springframework/cloud/spring-cloud-commons/4.0.1/spring-cloud-commons-4.0.1.jar:/Users/eyalzoref/.m2/repository/org/springframework/security/spring-security-crypto/6.0.2/spring-security-crypto-6.0.2.jar:/Users/eyalzoref/.m2/repository/io/github/openfeign/feign-core/12.1/feign-core-12.1.jar:/Users/eyalzoref/.m2/repository/io/github/openfeign/feign-slf4j/12.1/feign-slf4j-12.1.jar:/Users/eyalzoref/.m2/repository/com/fasterxml/jackson/core/jackson-databind/2.13.3/jackson-databind-2.13.3.jar:/Users/eyalzoref/.m2/repository/com/fasterxml/jackson/core/jackson-annotations/2.14.2/jackson-annotations-2.14.2.jar:/Users/eyalzoref/.m2/repository/com/fasterxml/jackson/core/jackson-core/2.14.2/jackson-core-2.14.2.jar:/Users/eyalzoref/.m2/repository/io/swagger/swagger-codegen-maven-plugin/2.4.21/swagger-codegen-maven-plugin-2.4.21.jar:/Users/eyalzoref/.m2/repository/org/apache/maven/maven-core/3.2.5/maven-core-3.2.5.jar:/Users/eyalzoref/.m2/repository/org/apache/maven/maven-model/3.2.5/maven-model-3.2.5.jar:/Users/eyalzoref/.m2/repository/org/apache/maven/maven-settings/3.2.5/maven-settings-3.2.5.jar:/Users/eyalzoref/.m2/repository/org/apache/maven/maven-settings-builder/3.2.5/maven-settings-builder-3.2.5.jar:/Users/eyalzoref/.m2/repository/org/apache/maven/maven-repository-metadata/3.2.5/maven-repository-metadata-3.2.5.jar:/Users/eyalzoref/.m2/repository/org/apache/maven/maven-artifact/3.2.5/maven-artifact-3.2.5.jar:/Users/eyalzoref/.m2/repository/org/apache/maven/maven-model-builder/3.2.5/maven-model-builder-3.2.5.jar:/Users/eyalzoref/.m2/repository/org/apache/maven/maven-aether-provider/3.2.5/maven-aether-provider-3.2.5.jar:/Users/eyalzoref/.m2/repository/org/eclipse/aether/aether-spi/1.0.0.v20140518/aether-spi-1.0.0.v20140518.jar:/Users/eyalzoref/.m2/repository/org/eclipse/aether/aether-impl/1.0.0.v20140518/aether-impl-1.0.0.v20140518.jar:/Users/eyalzoref/.m2/repository/org/eclipse/aether/aether-api/1.0.0.v20140518/aether-api-1.0.0.v20140518.jar:/Users/eyalzoref/.m2/repository/org/eclipse/aether/aether-util/1.0.0.v20140518/aether-util-1.0.0.v20140518.jar:/Users/eyalzoref/.m2/repository/org/eclipse/sisu/org.eclipse.sisu.plexus/0.3.0.M1/org.eclipse.sisu.plexus-0.3.0.M1.jar:/Users/eyalzoref/.m2/repository/javax/enterprise/cdi-api/1.0/cdi-api-1.0.jar:/Users/eyalzoref/.m2/repository/javax/annotation/jsr250-api/1.0/jsr250-api-1.0.jar:/Users/eyalzoref/.m2/repository/org/eclipse/sisu/org.eclipse.sisu.inject/0.3.0.M1/org.eclipse.sisu.inject-0.3.0.M1.jar:/Users/eyalzoref/.m2/repository/org/sonatype/sisu/sisu-guice/3.2.3/sisu-guice-3.2.3-no_aop.jar:/Users/eyalzoref/.m2/repository/javax/inject/javax.inject/1/javax.inject-1.jar:/Users/eyalzoref/.m2/repository/aopalliance/aopalliance/1.0/aopalliance-1.0.jar:/Users/eyalzoref/.m2/repository/com/google/guava/guava/16.0.1/guava-16.0.1.jar:/Users/eyalzoref/.m2/repository/org/codehaus/plexus/plexus-interpolation/1.21/plexus-interpolation-1.21.jar:/Users/eyalzoref/.m2/repository/org/codehaus/plexus/plexus-utils/3.0.20/plexus-utils-3.0.20.jar:/Users/eyalzoref/.m2/repository/org/codehaus/plexus/plexus-classworlds/2.5.2/plexus-classworlds-2.5.2.jar:/Users/eyalzoref/.m2/repository/org/codehaus/plexus/plexus-component-annotations/1.5.5/plexus-component-annotations-1.5.5.jar:/Users/eyalzoref/.m2/repository/org/sonatype/plexus/plexus-sec-dispatcher/1.3/plexus-sec-dispatcher-1.3.jar:/Users/eyalzoref/.m2/repository/org/sonatype/plexus/plexus-cipher/1.4/plexus-cipher-1.4.jar:/Users/eyalzoref/.m2/repository/org/apache/maven/maven-compat/3.2.5/maven-compat-3.2.5.jar:/Users/eyalzoref/.m2/repository/org/apache/maven/wagon/wagon-provider-api/2.8/wagon-provider-api-2.8.jar:/Users/eyalzoref/.m2/repository/org/apache/maven/maven-plugin-api/3.2.5/maven-plugin-api-3.2.5.jar:/Users/eyalzoref/.m2/repository/org/apache/maven/plugin-tools/maven-plugin-annotations/3.4/maven-plugin-annotations-3.4.jar:/Users/eyalzoref/.m2/repository/io/swagger/swagger-codegen/2.4.21/swagger-codegen-2.4.21.jar:/Users/eyalzoref/.m2/repository/io/swagger/swagger-parser/1.0.55/swagger-parser-1.0.55.jar:/Users/eyalzoref/.m2/repository/io/swagger/swagger-compat-spec-parser/1.0.55/swagger-compat-spec-parser-1.0.55.jar:/Users/eyalzoref/.m2/repository/com/github/java-json-tools/json-schema-validator/2.2.14/json-schema-validator-2.2.14.jar:/Users/eyalzoref/.m2/repository/com/github/java-json-tools/jackson-coreutils-equivalence/1.0/jackson-coreutils-equivalence-1.0.jar:/Users/eyalzoref/.m2/repository/com/github/java-json-tools/json-schema-core/1.2.14/json-schema-core-1.2.14.jar:/Users/eyalzoref/.m2/repository/com/github/java-json-tools/uri-template/0.10/uri-template-0.10.jar:/Users/eyalzoref/.m2/repository/org/mozilla/rhino/1.7.7.2/rhino-1.7.7.2.jar:/Users/eyalzoref/.m2/repository/com/sun/mail/mailapi/1.6.2/mailapi-1.6.2.jar:/Users/eyalzoref/.m2/repository/joda-time/joda-time/2.10.5/joda-time-2.10.5.jar:/Users/eyalzoref/.m2/repository/com/googlecode/libphonenumber/libphonenumber/8.11.1/libphonenumber-8.11.1.jar:/Users/eyalzoref/.m2/repository/com/google/code/findbugs/jsr305/3.0.2/jsr305-3.0.2.jar:/Users/eyalzoref/.m2/repository/net/sf/jopt-simple/jopt-simple/5.0.4/jopt-simple-5.0.4.jar:/Users/eyalzoref/.m2/repository/com/github/java-json-tools/json-patch/1.13/json-patch-1.13.jar:/Users/eyalzoref/.m2/repository/com/github/java-json-tools/msg-simple/1.2/msg-simple-1.2.jar:/Users/eyalzoref/.m2/repository/com/github/java-json-tools/btf/1.3/btf-1.3.jar:/Users/eyalzoref/.m2/repository/com/github/java-json-tools/jackson-coreutils/2.0/jackson-coreutils-2.0.jar:/Users/eyalzoref/.m2/repository/io/swagger/swagger-core/1.6.2/swagger-core-1.6.2.jar:/Users/eyalzoref/.m2/repository/com/fasterxml/jackson/dataformat/jackson-dataformat-yaml/2.14.2/jackson-dataformat-yaml-2.14.2.jar:/Users/eyalzoref/.m2/repository/io/swagger/swagger-models/1.6.2/swagger-models-1.6.2.jar:/Users/eyalzoref/.m2/repository/io/swagger/swagger-annotations/1.6.2/swagger-annotations-1.6.2.jar:/Users/eyalzoref/.m2/repository/com/samskivert/jmustache/1.15/jmustache-1.15.jar:/Users/eyalzoref/.m2/repository/commons-io/commons-io/2.4/commons-io-2.4.jar:/Users/eyalzoref/.m2/repository/org/slf4j/slf4j-ext/2.0.7/slf4j-ext-2.0.7.jar:/Users/eyalzoref/.m2/repository/org/slf4j/slf4j-simple/2.0.7/slf4j-simple-2.0.7.jar:/Users/eyalzoref/.m2/repository/org/apache/commons/commons-lang3/3.12.0/commons-lang3-3.12.0.jar:/Users/eyalzoref/.m2/repository/commons-cli/commons-cli/1.2/commons-cli-1.2.jar:/Users/eyalzoref/.m2/repository/org/json/json/20210307/json-20210307.jar:/Users/eyalzoref/.m2/repository/com/atlassian/commonmark/commonmark/0.9.0/commonmark-0.9.0.jar:/Users/eyalzoref/.m2/repository/javax/xml/bind/jaxb-api/2.3.1/jaxb-api-2.3.1.jar:/Users/eyalzoref/.m2/repository/javax/activation/javax.activation-api/1.2.0/javax.activation-api-1.2.0.jar:/Users/eyalzoref/.m2/repository/com/github/joschi/jackson/jackson-datatype-threetenbp/2.6.4/jackson-datatype-threetenbp-2.6.4.jar:/Users/eyalzoref/.m2/repository/org/threeten/threetenbp/1.3.1/threetenbp-1.3.1.jar:/Users/eyalzoref/.m2/repository/io/gsonfire/gson-fire/1.8.5/gson-fire-1.8.5.jar:/Users/eyalzoref/.m2/repository/com/squareup/okio/okio/2.10.0/okio-2.10.0.jar:/Users/eyalzoref/.m2/repository/org/jetbrains/kotlin/kotlin-stdlib/1.7.22/kotlin-stdlib-1.7.22.jar:/Users/eyalzoref/.m2/repository/org/jetbrains/annotations/13.0/annotations-13.0.jar:/Users/eyalzoref/.m2/repository/org/jetbrains/kotlin/kotlin-stdlib-common/1.7.22/kotlin-stdlib-common-1.7.22.jar:/Users/eyalzoref/.m2/repository/com/squareup/okhttp/logging-interceptor/2.7.5/logging-interceptor-2.7.5.jar:/Users/eyalzoref/.m2/repository/com/squareup/okhttp/okhttp/2.7.5/okhttp-2.7.5.jar:/Users/eyalzoref/.m2/repository/com/google/code/gson/gson/2.8.7/gson-2.8.7.jar:/Users/eyalzoref/.m2/repository/org/springdoc/springdoc-openapi-starter-webmvc-ui/2.1.0/springdoc-openapi-starter-webmvc-ui-2.1.0.jar:/Users/eyalzoref/.m2/repository/org/springdoc/springdoc-openapi-starter-webmvc-api/2.1.0/springdoc-openapi-starter-webmvc-api-2.1.0.jar:/Users/eyalzoref/.m2/repository/org/springdoc/springdoc-openapi-starter-common/2.1.0/springdoc-openapi-starter-common-2.1.0.jar:/Users/eyalzoref/.m2/repository/io/swagger/core/v3/swagger-core-jakarta/2.2.9/swagger-core-jakarta-2.2.9.jar:/Users/eyalzoref/.m2/repository/io/swagger/core/v3/swagger-annotations-jakarta/2.2.9/swagger-annotations-jakarta-2.2.9.jar:/Users/eyalzoref/.m2/repository/io/swagger/core/v3/swagger-models-jakarta/2.2.9/swagger-models-jakarta-2.2.9.jar:/Users/eyalzoref/.m2/repository/jakarta/validation/jakarta.validation-api/3.0.2/jakarta.validation-api-3.0.2.jar:/Users/eyalzoref/.m2/repository/org/webjars/swagger-ui/4.18.2/swagger-ui-4.18.2.jar:/Users/eyalzoref/.m2/repository/org/springdoc/springdoc-openapi-starter-webflux-ui/2.1.0/springdoc-openapi-starter-webflux-ui-2.1.0.jar:/Users/eyalzoref/.m2/repository/org/springdoc/springdoc-openapi-starter-webflux-api/2.1.0/springdoc-openapi-starter-webflux-api-2.1.0.jar:/Users/eyalzoref/.m2/repository/org/springframework/spring-webflux/6.0.7/spring-webflux-6.0.7.jar:/Users/eyalzoref/.m2/repository/io/projectreactor/reactor-core/3.5.4/reactor-core-3.5.4.jar:/Users/eyalzoref/.m2/repository/org/reactivestreams/reactive-streams/1.0.4/reactive-streams-1.0.4.jar:/Users/eyalzoref/.m2/repository/javax/validation/validation-api/2.0.1.Final/validation-api-2.0.1.Final.jar:/Users/eyalzoref/.m2/repository/org/openapitools/jackson-databind-nullable/0.2.1/jackson-databind-nullable-0.2.1.jar:/Users/eyalzoref/.m2/repository/io/rest-assured/rest-assured/5.3.0/rest-assured-5.3.0.jar:/Users/eyalzoref/.m2/repository/org/apache/groovy/groovy/4.0.10/groovy-4.0.10.jar:/Users/eyalzoref/.m2/repository/org/apache/groovy/groovy-xml/4.0.10/groovy-xml-4.0.10.jar:/Users/eyalzoref/.m2/repository/org/apache/httpcomponents/httpclient/4.5.14/httpclient-4.5.14.jar:/Users/eyalzoref/.m2/repository/org/apache/httpcomponents/httpcore/4.4.16/httpcore-4.4.16.jar:/Users/eyalzoref/.m2/repository/commons-codec/commons-codec/1.15/commons-codec-1.15.jar:/Users/eyalzoref/.m2/repository/org/apache/httpcomponents/httpmime/4.5.14/httpmime-4.5.14.jar:/Users/eyalzoref/.m2/repository/org/ccil/cowan/tagsoup/tagsoup/1.2.1/tagsoup-1.2.1.jar:/Users/eyalzoref/.m2/repository/io/rest-assured/json-path/5.2.1/json-path-5.2.1.jar:/Users/eyalzoref/.m2/repository/org/apache/groovy/groovy-json/4.0.10/groovy-json-4.0.10.jar:/Users/eyalzoref/.m2/repository/io/rest-assured/rest-assured-common/5.2.1/rest-assured-common-5.2.1.jar:/Users/eyalzoref/.m2/repository/io/rest-assured/xml-path/5.2.1/xml-path-5.2.1.jar:/Users/eyalzoref/.m2/repository/org/junit/jupiter/junit-jupiter-engine/5.9.2/junit-jupiter-engine-5.9.2.jar:/Users/eyalzoref/.m2/repository/org/junit/platform/junit-platform-engine/1.9.2/junit-platform-engine-1.9.2.jar:/Users/eyalzoref/.m2/repository/org/opentest4j/opentest4j/1.2.0/opentest4j-1.2.0.jar:/Users/eyalzoref/.m2/repository/org/junit/platform/junit-platform-commons/1.9.2/junit-platform-commons-1.9.2.jar:/Users/eyalzoref/.m2/repository/org/junit/jupiter/junit-jupiter-api/5.9.2/junit-jupiter-api-5.9.2.jar:/Users/eyalzoref/.m2/repository/org/apiguardian/apiguardian-api/1.1.2/apiguardian-api-1.1.2.jar:/Users/eyalzoref/.m2/repository/junit/junit/4.13.2/junit-4.13.2.jar:/Users/eyalzoref/.m2/repository/org/hamcrest/hamcrest-core/2.2/hamcrest-core-2.2.jar:"/>
    <property name="java.vm.vendor" value="Eclipse Adoptium"/>
    <property name="sun.arch.data.model" value="64"/>
    <property name="java.vendor.url" value="https://adoptium.net/"/>
    <property name="os.name" value="Mac OS X"/>
    <property name="java.vm.specification.version" value="17"/>
    <property name="sun.java.launcher" value="SUN_STANDARD"/>
    <property name="user.country" value="IL"/>
    <property name="sun.boot.library.path" value="/Library/Java/JavaVirtualMachines/temurin-17.jdk/Contents/Home/lib"/>
    <property name="sun.java.command" value="/Users/eyalzoref/code/github/design-first-springboot-microservices/target/surefire/surefirebooter4600667679023596154.jar /Users/eyalzoref/code/github/design-first-springboot-microservices/target/surefire 2023-04-29T16-57-19_231-jvmRun1 surefire14424245699258716172tmp surefire_011592383802554684797tmp"/>
    <property name="http.nonProxyHosts" value="local|*.local|169.254/16|*.169.254/16"/>
    <property name="jdk.debug" value="release"/>
    <property name="surefire.test.class.path" value="/Users/eyalzoref/code/github/design-first-springboot-microservices/target/test-classes:/Users/eyalzoref/code/github/design-first-springboot-microservices/target/classes:/Users/eyalzoref/.m2/repository/org/springframework/boot/spring-boot-starter-web/3.0.5/spring-boot-starter-web-3.0.5.jar:/Users/eyalzoref/.m2/repository/org/springframework/boot/spring-boot-starter/3.0.5/spring-boot-starter-3.0.5.jar:/Users/eyalzoref/.m2/repository/org/springframework/boot/spring-boot/3.0.5/spring-boot-3.0.5.jar:/Users/eyalzoref/.m2/repository/org/springframework/boot/spring-boot-starter-logging/3.0.5/spring-boot-starter-logging-3.0.5.jar:/Users/eyalzoref/.m2/repository/ch/qos/logback/logback-classic/1.4.6/logback-classic-1.4.6.jar:/Users/eyalzoref/.m2/repository/ch/qos/logback/logback-core/1.4.6/logback-core-1.4.6.jar:/Users/eyalzoref/.m2/repository/org/apache/logging/log4j/log4j-to-slf4j/2.19.0/log4j-to-slf4j-2.19.0.jar:/Users/eyalzoref/.m2/repository/org/apache/logging/log4j/log4j-api/2.19.0/log4j-api-2.19.0.jar:/Users/eyalzoref/.m2/repository/org/slf4j/jul-to-slf4j/2.0.7/jul-to-slf4j-2.0.7.jar:/Users/eyalzoref/.m2/repository/jakarta/annotation/jakarta.annotation-api/2.1.1/jakarta.annotation-api-2.1.1.jar:/Users/eyalzoref/.m2/repository/org/yaml/snakeyaml/1.33/snakeyaml-1.33.jar:/Users/eyalzoref/.m2/repository/org/springframework/boot/spring-boot-starter-json/3.0.5/spring-boot-starter-json-3.0.5.jar:/Users/eyalzoref/.m2/repository/com/fasterxml/jackson/datatype/jackson-datatype-jdk8/2.14.2/jackson-datatype-jdk8-2.14.2.jar:/Users/eyalzoref/.m2/repository/com/fasterxml/jackson/datatype/jackson-datatype-jsr310/2.14.2/jackson-datatype-jsr310-2.14.2.jar:/Users/eyalzoref/.m2/repository/com/fasterxml/jackson/module/jackson-module-parameter-names/2.14.2/jackson-module-parameter-names-2.14.2.jar:/Users/eyalzoref/.m2/repository/org/springframework/boot/spring-boot-starter-tomcat/3.0.5/spring-boot-starter-tomcat-3.0.5.jar:/Users/eyalzoref/.m2/repository/org/apache/tomcat/embed/tomcat-embed-core/10.1.7/tomcat-embed-core-10.1.7.jar:/Users/eyalzoref/.m2/repository/org/apache/tomcat/embed/tomcat-embed-el/10.1.7/tomcat-embed-el-10.1.7.jar:/Users/eyalzoref/.m2/repository/org/apache/tomcat/embed/tomcat-embed-websocket/10.1.7/tomcat-embed-websocket-10.1.7.jar:/Users/eyalzoref/.m2/repository/org/springframework/spring-web/6.0.7/spring-web-6.0.7.jar:/Users/eyalzoref/.m2/repository/org/springframework/spring-beans/6.0.7/spring-beans-6.0.7.jar:/Users/eyalzoref/.m2/repository/io/micrometer/micrometer-observation/1.10.5/micrometer-observation-1.10.5.jar:/Users/eyalzoref/.m2/repository/io/micrometer/micrometer-commons/1.10.5/micrometer-commons-1.10.5.jar:/Users/eyalzoref/.m2/repository/org/springframework/spring-webmvc/6.0.7/spring-webmvc-6.0.7.jar:/Users/eyalzoref/.m2/repository/org/springframework/spring-aop/6.0.7/spring-aop-6.0.7.jar:/Users/eyalzoref/.m2/repository/org/springframework/spring-context/6.0.7/spring-context-6.0.7.jar:/Users/eyalzoref/.m2/repository/org/springframework/spring-expression/6.0.7/spring-expression-6.0.7.jar:/Users/eyalzoref/.m2/repository/org/springframework/boot/spring-boot-starter-test/3.0.5/spring-boot-starter-test-3.0.5.jar:/Users/eyalzoref/.m2/repository/org/springframework/boot/spring-boot-test/3.0.5/spring-boot-test-3.0.5.jar:/Users/eyalzoref/.m2/repository/org/springframework/boot/spring-boot-test-autoconfigure/3.0.5/spring-boot-test-autoconfigure-3.0.5.jar:/Users/eyalzoref/.m2/repository/com/jayway/jsonpath/json-path/2.7.0/json-path-2.7.0.jar:/Users/eyalzoref/.m2/repository/net/minidev/json-smart/2.4.10/json-smart-2.4.10.jar:/Users/eyalzoref/.m2/repository/net/minidev/accessors-smart/2.4.9/accessors-smart-2.4.9.jar:/Users/eyalzoref/.m2/repository/org/ow2/asm/asm/9.3/asm-9.3.jar:/Users/eyalzoref/.m2/repository/org/slf4j/slf4j-api/2.0.7/slf4j-api-2.0.7.jar:/Users/eyalzoref/.m2/repository/jakarta/xml/bind/jakarta.xml.bind-api/4.0.0/jakarta.xml.bind-api-4.0.0.jar:/Users/eyalzoref/.m2/repository/jakarta/activation/jakarta.activation-api/2.1.1/jakarta.activation-api-2.1.1.jar:/Users/eyalzoref/.m2/repository/org/assertj/assertj-core/3.23.1/assertj-core-3.23.1.jar:/Users/eyalzoref/.m2/repository/net/bytebuddy/byte-buddy/1.12.23/byte-buddy-1.12.23.jar:/Users/eyalzoref/.m2/repository/org/hamcrest/hamcrest/2.2/hamcrest-2.2.jar:/Users/eyalzoref/.m2/repository/org/junit/jupiter/junit-jupiter/5.9.2/junit-jupiter-5.9.2.jar:/Users/eyalzoref/.m2/repository/org/junit/jupiter/junit-jupiter-params/5.9.2/junit-jupiter-params-5.9.2.jar:/Users/eyalzoref/.m2/repository/org/mockito/mockito-core/4.8.1/mockito-core-4.8.1.jar:/Users/eyalzoref/.m2/repository/net/bytebuddy/byte-buddy-agent/1.12.23/byte-buddy-agent-1.12.23.jar:/Users/eyalzoref/.m2/repository/org/objenesis/objenesis/3.2/objenesis-3.2.jar:/Users/eyalzoref/.m2/repository/org/mockito/mockito-junit-jupiter/4.8.1/mockito-junit-jupiter-4.8.1.jar:/Users/eyalzoref/.m2/repository/org/skyscreamer/jsonassert/1.5.1/jsonassert-1.5.1.jar:/Users/eyalzoref/.m2/repository/com/vaadin/external/google/android-json/0.0.20131108.vaadin1/android-json-0.0.20131108.vaadin1.jar:/Users/eyalzoref/.m2/repository/org/springframework/spring-core/6.0.7/spring-core-6.0.7.jar:/Users/eyalzoref/.m2/repository/org/springframework/spring-jcl/6.0.7/spring-jcl-6.0.7.jar:/Users/eyalzoref/.m2/repository/org/springframework/spring-test/6.0.7/spring-test-6.0.7.jar:/Users/eyalzoref/.m2/repository/org/xmlunit/xmlunit-core/2.9.1/xmlunit-core-2.9.1.jar:/Users/eyalzoref/.m2/repository/org/springframework/cloud/spring-cloud-openfeign-core/4.0.1/spring-cloud-openfeign-core-4.0.1.jar:/Users/eyalzoref/.m2/repository/org/springframework/boot/spring-boot-autoconfigure/3.0.5/spring-boot-autoconfigure-3.0.5.jar:/Users/eyalzoref/.m2/repository/org/springframework/boot/spring-boot-starter-aop/3.0.5/spring-boot-starter-aop-3.0.5.jar:/Users/eyalzoref/.m2/repository/org/aspectj/aspectjweaver/1.9.19/aspectjweaver-1.9.19.jar:/Users/eyalzoref/.m2/repository/io/github/openfeign/form/feign-form-spring/3.8.0/feign-form-spring-3.8.0.jar:/Users/eyalzoref/.m2/repository/io/github/openfeign/form/feign-form/3.8.0/feign-form-3.8.0.jar:/Users/eyalzoref/.m2/repository/commons-fileupload/commons-fileupload/1.4/commons-fileupload-1.4.jar:/Users/eyalzoref/.m2/repository/org/springframework/cloud/spring-cloud-starter-feign/1.4.7.RELEASE/spring-cloud-starter-feign-1.4.7.RELEASE.jar:/Users/eyalzoref/.m2/repository/org/springframework/cloud/spring-cloud-starter-openfeign/4.0.1/spring-cloud-starter-openfeign-4.0.1.jar:/Users/eyalzoref/.m2/repository/org/springframework/cloud/spring-cloud-starter/4.0.1/spring-cloud-starter-4.0.1.jar:/Users/eyalzoref/.m2/repository/org/springframework/cloud/spring-cloud-context/4.0.1/spring-cloud-context-4.0.1.jar:/Users/eyalzoref/.m2/repository/org/springframework/security/spring-security-rsa/1.0.11.RELEASE/spring-security-rsa-1.0.11.RELEASE.jar:/Users/eyalzoref/.m2/repository/org/bouncycastle/bcpkix-jdk15on/1.69/bcpkix-jdk15on-1.69.jar:/Users/eyalzoref/.m2/repository/org/bouncycastle/bcprov-jdk15on/1.69/bcprov-jdk15on-1.69.jar:/Users/eyalzoref/.m2/repository/org/bouncycastle/bcutil-jdk15on/1.69/bcutil-jdk15on-1.69.jar:/Users/eyalzoref/.m2/repository/org/springframework/cloud/spring-cloud-commons/4.0.1/spring-cloud-commons-4.0.1.jar:/Users/eyalzoref/.m2/repository/org/springframework/security/spring-security-crypto/6.0.2/spring-security-crypto-6.0.2.jar:/Users/eyalzoref/.m2/repository/io/github/openfeign/feign-core/12.1/feign-core-12.1.jar:/Users/eyalzoref/.m2/repository/io/github/openfeign/feign-slf4j/12.1/feign-slf4j-12.1.jar:/Users/eyalzoref/.m2/repository/com/fasterxml/jackson/core/jackson-databind/2.13.3/jackson-databind-2.13.3.jar:/Users/eyalzoref/.m2/repository/com/fasterxml/jackson/core/jackson-annotations/2.14.2/jackson-annotations-2.14.2.jar:/Users/eyalzoref/.m2/repository/com/fasterxml/jackson/core/jackson-core/2.14.2/jackson-core-2.14.2.jar:/Users/eyalzoref/.m2/repository/io/swagger/swagger-codegen-maven-plugin/2.4.21/swagger-codegen-maven-plugin-2.4.21.jar:/Users/eyalzoref/.m2/repository/org/apache/maven/maven-core/3.2.5/maven-core-3.2.5.jar:/Users/eyalzoref/.m2/repository/org/apache/maven/maven-model/3.2.5/maven-model-3.2.5.jar:/Users/eyalzoref/.m2/repository/org/apache/maven/maven-settings/3.2.5/maven-settings-3.2.5.jar:/Users/eyalzoref/.m2/repository/org/apache/maven/maven-settings-builder/3.2.5/maven-settings-builder-3.2.5.jar:/Users/eyalzoref/.m2/repository/org/apache/maven/maven-repository-metadata/3.2.5/maven-repository-metadata-3.2.5.jar:/Users/eyalzoref/.m2/repository/org/apache/maven/maven-artifact/3.2.5/maven-artifact-3.2.5.jar:/Users/eyalzoref/.m2/repository/org/apache/maven/maven-model-builder/3.2.5/maven-model-builder-3.2.5.jar:/Users/eyalzoref/.m2/repository/org/apache/maven/maven-aether-provider/3.2.5/maven-aether-provider-3.2.5.jar:/Users/eyalzoref/.m2/repository/org/eclipse/aether/aether-spi/1.0.0.v20140518/aether-spi-1.0.0.v20140518.jar:/Users/eyalzoref/.m2/repository/org/eclipse/aether/aether-impl/1.0.0.v20140518/aether-impl-1.0.0.v20140518.jar:/Users/eyalzoref/.m2/repository/org/eclipse/aether/aether-api/1.0.0.v20140518/aether-api-1.0.0.v20140518.jar:/Users/eyalzoref/.m2/repository/org/eclipse/aether/aether-util/1.0.0.v20140518/aether-util-1.0.0.v20140518.jar:/Users/eyalzoref/.m2/repository/org/eclipse/sisu/org.eclipse.sisu.plexus/0.3.0.M1/org.eclipse.sisu.plexus-0.3.0.M1.jar:/Users/eyalzoref/.m2/repository/javax/enterprise/cdi-api/1.0/cdi-api-1.0.jar:/Users/eyalzoref/.m2/repository/javax/annotation/jsr250-api/1.0/jsr250-api-1.0.jar:/Users/eyalzoref/.m2/repository/org/eclipse/sisu/org.eclipse.sisu.inject/0.3.0.M1/org.eclipse.sisu.inject-0.3.0.M1.jar:/Users/eyalzoref/.m2/repository/org/sonatype/sisu/sisu-guice/3.2.3/sisu-guice-3.2.3-no_aop.jar:/Users/eyalzoref/.m2/repository/javax/inject/javax.inject/1/javax.inject-1.jar:/Users/eyalzoref/.m2/repository/aopalliance/aopalliance/1.0/aopalliance-1.0.jar:/Users/eyalzoref/.m2/repository/com/google/guava/guava/16.0.1/guava-16.0.1.jar:/Users/eyalzoref/.m2/repository/org/codehaus/plexus/plexus-interpolation/1.21/plexus-interpolation-1.21.jar:/Users/eyalzoref/.m2/repository/org/codehaus/plexus/plexus-utils/3.0.20/plexus-utils-3.0.20.jar:/Users/eyalzoref/.m2/repository/org/codehaus/plexus/plexus-classworlds/2.5.2/plexus-classworlds-2.5.2.jar:/Users/eyalzoref/.m2/repository/org/codehaus/plexus/plexus-component-annotations/1.5.5/plexus-component-annotations-1.5.5.jar:/Users/eyalzoref/.m2/repository/org/sonatype/plexus/plexus-sec-dispatcher/1.3/plexus-sec-dispatcher-1.3.jar:/Users/eyalzoref/.m2/repository/org/sonatype/plexus/plexus-cipher/1.4/plexus-cipher-1.4.jar:/Users/eyalzoref/.m2/repository/org/apache/maven/maven-compat/3.2.5/maven-compat-3.2.5.jar:/Users/eyalzoref/.m2/repository/org/apache/maven/wagon/wagon-provider-api/2.8/wagon-provider-api-2.8.jar:/Users/eyalzoref/.m2/repository/org/apache/maven/maven-plugin-api/3.2.5/maven-plugin-api-3.2.5.jar:/Users/eyalzoref/.m2/repository/org/apache/maven/plugin-tools/maven-plugin-annotations/3.4/maven-plugin-annotations-3.4.jar:/Users/eyalzoref/.m2/repository/io/swagger/swagger-codegen/2.4.21/swagger-codegen-2.4.21.jar:/Users/eyalzoref/.m2/repository/io/swagger/swagger-parser/1.0.55/swagger-parser-1.0.55.jar:/Users/eyalzoref/.m2/repository/io/swagger/swagger-compat-spec-parser/1.0.55/swagger-compat-spec-parser-1.0.55.jar:/Users/eyalzoref/.m2/repository/com/github/java-json-tools/json-schema-validator/2.2.14/json-schema-validator-2.2.14.jar:/Users/eyalzoref/.m2/repository/com/github/java-json-tools/jackson-coreutils-equivalence/1.0/jackson-coreutils-equivalence-1.0.jar:/Users/eyalzoref/.m2/repository/com/github/java-json-tools/json-schema-core/1.2.14/json-schema-core-1.2.14.jar:/Users/eyalzoref/.m2/repository/com/github/java-json-tools/uri-template/0.10/uri-template-0.10.jar:/Users/eyalzoref/.m2/repository/org/mozilla/rhino/1.7.7.2/rhino-1.7.7.2.jar:/Users/eyalzoref/.m2/repository/com/sun/mail/mailapi/1.6.2/mailapi-1.6.2.jar:/Users/eyalzoref/.m2/repository/joda-time/joda-time/2.10.5/joda-time-2.10.5.jar:/Users/eyalzoref/.m2/repository/com/googlecode/libphonenumber/libphonenumber/8.11.1/libphonenumber-8.11.1.jar:/Users/eyalzoref/.m2/repository/com/google/code/findbugs/jsr305/3.0.2/jsr305-3.0.2.jar:/Users/eyalzoref/.m2/repository/net/sf/jopt-simple/jopt-simple/5.0.4/jopt-simple-5.0.4.jar:/Users/eyalzoref/.m2/repository/com/github/java-json-tools/json-patch/1.13/json-patch-1.13.jar:/Users/eyalzoref/.m2/repository/com/github/java-json-tools/msg-simple/1.2/msg-simple-1.2.jar:/Users/eyalzoref/.m2/repository/com/github/java-json-tools/btf/1.3/btf-1.3.jar:/Users/eyalzoref/.m2/repository/com/github/java-json-tools/jackson-coreutils/2.0/jackson-coreutils-2.0.jar:/Users/eyalzoref/.m2/repository/io/swagger/swagger-core/1.6.2/swagger-core-1.6.2.jar:/Users/eyalzoref/.m2/repository/com/fasterxml/jackson/dataformat/jackson-dataformat-yaml/2.14.2/jackson-dataformat-yaml-2.14.2.jar:/Users/eyalzoref/.m2/repository/io/swagger/swagger-models/1.6.2/swagger-models-1.6.2.jar:/Users/eyalzoref/.m2/repository/io/swagger/swagger-annotations/1.6.2/swagger-annotations-1.6.2.jar:/Users/eyalzoref/.m2/repository/com/samskivert/jmustache/1.15/jmustache-1.15.jar:/Users/eyalzoref/.m2/repository/commons-io/commons-io/2.4/commons-io-2.4.jar:/Users/eyalzoref/.m2/repository/org/slf4j/slf4j-ext/2.0.7/slf4j-ext-2.0.7.jar:/Users/eyalzoref/.m2/repository/org/slf4j/slf4j-simple/2.0.7/slf4j-simple-2.0.7.jar:/Users/eyalzoref/.m2/repository/org/apache/commons/commons-lang3/3.12.0/commons-lang3-3.12.0.jar:/Users/eyalzoref/.m2/repository/commons-cli/commons-cli/1.2/commons-cli-1.2.jar:/Users/eyalzoref/.m2/repository/org/json/json/20210307/json-20210307.jar:/Users/eyalzoref/.m2/repository/com/atlassian/commonmark/commonmark/0.9.0/commonmark-0.9.0.jar:/Users/eyalzoref/.m2/repository/javax/xml/bind/jaxb-api/2.3.1/jaxb-api-2.3.1.jar:/Users/eyalzoref/.m2/repository/javax/activation/javax.activation-api/1.2.0/javax.activation-api-1.2.0.jar:/Users/eyalzoref/.m2/repository/com/github/joschi/jackson/jackson-datatype-threetenbp/2.6.4/jackson-datatype-threetenbp-2.6.4.jar:/Users/eyalzoref/.m2/repository/org/threeten/threetenbp/1.3.1/threetenbp-1.3.1.jar:/Users/eyalzoref/.m2/repository/io/gsonfire/gson-fire/1.8.5/gson-fire-1.8.5.jar:/Users/eyalzoref/.m2/repository/com/squareup/okio/okio/2.10.0/okio-2.10.0.jar:/Users/eyalzoref/.m2/repository/org/jetbrains/kotlin/kotlin-stdlib/1.7.22/kotlin-stdlib-1.7.22.jar:/Users/eyalzoref/.m2/repository/org/jetbrains/annotations/13.0/annotations-13.0.jar:/Users/eyalzoref/.m2/repository/org/jetbrains/kotlin/kotlin-stdlib-common/1.7.22/kotlin-stdlib-common-1.7.22.jar:/Users/eyalzoref/.m2/repository/com/squareup/okhttp/logging-interceptor/2.7.5/logging-interceptor-2.7.5.jar:/Users/eyalzoref/.m2/repository/com/squareup/okhttp/okhttp/2.7.5/okhttp-2.7.5.jar:/Users/eyalzoref/.m2/repository/com/google/code/gson/gson/2.8.7/gson-2.8.7.jar:/Users/eyalzoref/.m2/repository/org/springdoc/springdoc-openapi-starter-webmvc-ui/2.1.0/springdoc-openapi-starter-webmvc-ui-2.1.0.jar:/Users/eyalzoref/.m2/repository/org/springdoc/springdoc-openapi-starter-webmvc-api/2.1.0/springdoc-openapi-starter-webmvc-api-2.1.0.jar:/Users/eyalzoref/.m2/repository/org/springdoc/springdoc-openapi-starter-common/2.1.0/springdoc-openapi-starter-common-2.1.0.jar:/Users/eyalzoref/.m2/repository/io/swagger/core/v3/swagger-core-jakarta/2.2.9/swagger-core-jakarta-2.2.9.jar:/Users/eyalzoref/.m2/repository/io/swagger/core/v3/swagger-annotations-jakarta/2.2.9/swagger-annotations-jakarta-2.2.9.jar:/Users/eyalzoref/.m2/repository/io/swagger/core/v3/swagger-models-jakarta/2.2.9/swagger-models-jakarta-2.2.9.jar:/Users/eyalzoref/.m2/repository/jakarta/validation/jakarta.validation-api/3.0.2/jakarta.validation-api-3.0.2.jar:/Users/eyalzoref/.m2/repository/org/webjars/swagger-ui/4.18.2/swagger-ui-4.18.2.jar:/Users/eyalzoref/.m2/repository/org/springdoc/springdoc-openapi-starter-webflux-ui/2.1.0/springdoc-openapi-starter-webflux-ui-2.1.0.jar:/Users/eyalzoref/.m2/repository/org/springdoc/springdoc-openapi-starter-webflux-api/2.1.0/springdoc-openapi-starter-webflux-api-2.1.0.jar:/Users/eyalzoref/.m2/repository/org/springframework/spring-webflux/6.0.7/spring-webflux-6.0.7.jar:/Users/eyalzoref/.m2/repository/io/projectreactor/reactor-core/3.5.4/reactor-core-3.5.4.jar:/Users/eyalzoref/.m2/repository/org/reactivestreams/reactive-streams/1.0.4/reactive-streams-1.0.4.jar:/Users/eyalzoref/.m2/repository/javax/validation/validation-api/2.0.1.Final/validation-api-2.0.1.Final.jar:/Users/eyalzoref/.m2/repository/org/openapitools/jackson-databind-nullable/0.2.1/jackson-databind-nullable-0.2.1.jar:/Users/eyalzoref/.m2/repository/io/rest-assured/rest-assured/5.3.0/rest-assured-5.3.0.jar:/Users/eyalzoref/.m2/repository/org/apache/groovy/groovy/4.0.10/groovy-4.0.10.jar:/Users/eyalzoref/.m2/repository/org/apache/groovy/groovy-xml/4.0.10/groovy-xml-4.0.10.jar:/Users/eyalzoref/.m2/repository/org/apache/httpcomponents/httpclient/4.5.14/httpclient-4.5.14.jar:/Users/eyalzoref/.m2/repository/org/apache/httpcomponents/httpcore/4.4.16/httpcore-4.4.16.jar:/Users/eyalzoref/.m2/repository/commons-codec/commons-codec/1.15/commons-codec-1.15.jar:/Users/eyalzoref/.m2/repository/org/apache/httpcomponents/httpmime/4.5.14/httpmime-4.5.14.jar:/Users/eyalzoref/.m2/repository/org/ccil/cowan/tagsoup/tagsoup/1.2.1/tagsoup-1.2.1.jar:/Users/eyalzoref/.m2/repository/io/rest-assured/json-path/5.2.1/json-path-5.2.1.jar:/Users/eyalzoref/.m2/repository/org/apache/groovy/groovy-json/4.0.10/groovy-json-4.0.10.jar:/Users/eyalzoref/.m2/repository/io/rest-assured/rest-assured-common/5.2.1/rest-assured-common-5.2.1.jar:/Users/eyalzoref/.m2/repository/io/rest-assured/xml-path/5.2.1/xml-path-5.2.1.jar:/Users/eyalzoref/.m2/repository/org/junit/jupiter/junit-jupiter-engine/5.9.2/junit-jupiter-engine-5.9.2.jar:/Users/eyalzoref/.m2/repository/org/junit/platform/junit-platform-engine/1.9.2/junit-platform-engine-1.9.2.jar:/Users/eyalzoref/.m2/repository/org/opentest4j/opentest4j/1.2.0/opentest4j-1.2.0.jar:/Users/eyalzoref/.m2/repository/org/junit/platform/junit-platform-commons/1.9.2/junit-platform-commons-1.9.2.jar:/Users/eyalzoref/.m2/repository/org/junit/jupiter/junit-jupiter-api/5.9.2/junit-jupiter-api-5.9.2.jar:/Users/eyalzoref/.m2/repository/org/apiguardian/apiguardian-api/1.1.2/apiguardian-api-1.1.2.jar:/Users/eyalzoref/.m2/repository/junit/junit/4.13.2/junit-4.13.2.jar:/Users/eyalzoref/.m2/repository/org/hamcrest/hamcrest-core/2.2/hamcrest-core-2.2.jar:"/>
    <property name="sun.cpu.endian" value="little"/>
    <property name="user.home" value="/Users/eyalzoref"/>
    <property name="user.language" value="iw"/>
    <property name="java.specification.vendor" value="Oracle Corporation"/>
    <property name="java.version.date" value="2023-01-17"/>
    <property name="java.home" value="/Library/Java/JavaVirtualMachines/temurin-17.jdk/Contents/Home"/>
    <property name="file.separator" value="/"/>
    <property name="basedir" value="/Users/eyalzoref/code/github/design-first-springboot-microservices"/>
    <property name="java.vm.compressedOopsMode" value="Zero based"/>
    <property name="line.separator" value="&#10;"/>
    <property name="java.specification.name" value="Java Platform API Specification"/>
    <property name="java.vm.specification.vendor" value="Oracle Corporation"/>
    <property name="surefire.real.class.path" value="/Users/eyalzoref/code/github/design-first-springboot-microservices/target/surefire/surefirebooter4600667679023596154.jar"/>
    <property name="sun.management.compiler" value="HotSpot 64-Bit Tiered Compilers"/>
    <property name="ftp.nonProxyHosts" value="local|*.local|169.254/16|*.169.254/16"/>
    <property name="java.runtime.version" value="17.0.6+10"/>
    <property name="user.name" value="eyalzoref"/>
    <property name="path.separator" value=":"/>
    <property name="os.version" value="13.3"/>
    <property name="java.runtime.name" value="OpenJDK Runtime Environment"/>
    <property name="file.encoding" value="UTF-8"/>
    <property name="java.vm.name" value="OpenJDK 64-Bit Server VM"/>
    <property name="java.vendor.version" value="Temurin-17.0.6+10"/>
    <property name="localRepository" value="/Users/eyalzoref/.m2/repository"/>
    <property name="java.vendor.url.bug" value="https://github.com/adoptium/adoptium-support/issues"/>
    <property name="java.io.tmpdir" value="/var/folders/6s/wy_qt8rx13z0bqxb5p110tnw0000gn/T/"/>
    <property name="java.version" value="17.0.6"/>
    <property name="user.dir" value="/Users/eyalzoref/code/github/design-first-springboot-microservices"/>
    <property name="os.arch" value="x86_64"/>
    <property name="java.vm.specification.name" value="Java Virtual Machine Specification"/>
    <property name="native.encoding" value="UTF-8"/>
    <property name="java.library.path" value="/Users/eyalzoref/Library/Java/Extensions:/Library/Java/Extensions:/Network/Library/Java/Extensions:/System/Library/Java/Extensions:/usr/lib/java:."/>
    <property name="java.vm.info" value="mixed mode, sharing"/>
    <property name="java.vendor" value="Eclipse Adoptium"/>
    <property name="java.vm.version" value="17.0.6+10"/>
    <property name="sun.io.unicode.encoding" value="UnicodeBig"/>
    <property name="socksNonProxyHosts" value="local|*.local|169.254/16|*.169.254/16"/>
    <property name="java.class.version" value="61.0"/>
  </properties>
  <testcase name="test_Success" classname="com.example.demo.DemoApplication_UnitTests" time="0.049"/>
  <testcase name="test_Failure_NullInput" classname="com.example.demo.DemoApplication_UnitTests" time="0"/>
</testsuite>